Using pre-set license
Built from 'HEAD' branch; Version is '2021.3.16f1c1 (56dbfdd6697f) revision 5692413'; Using compiler version '192829333'; Build Type 'Release'
OS: 'Windows 11  (10.0.22621) 64bit CoreCountrySpecific' Language: 'zh' Physical Memory: 15741 MB
BatchMode: 1, IsHumanControllingUs: 0, StartBugReporterOnCrash: 0, Is64bit: 1, IsPro: 1

COMMAND LINE ARGUMENTS:
C:\Program Files\Unity\Hub\Editor\2021.3.16f1c1\Editor\Unity.exe
-adb2
-batchMode
-noUpm
-name
AssetImportWorker0
-projectPath
D:/Download/跑酷游戏
-logFile
Logs/AssetImportWorker0.log
-srvPort
53685
Successfully changed project path to: D:/Download/跑酷游戏
D:/Download/跑酷游戏
[UnityMemory] Configuration Parameters - Can be set up in boot.config
    "memorysetup-bucket-allocator-granularity=16"
    "memorysetup-bucket-allocator-bucket-count=8"
    "memorysetup-bucket-allocator-block-size=33554432"
    "memorysetup-bucket-allocator-block-count=8"
    "memorysetup-main-allocator-block-size=16777216"
    "memorysetup-thread-allocator-block-size=16777216"
    "memorysetup-gfx-main-allocator-block-size=16777216"
    "memorysetup-gfx-thread-allocator-block-size=16777216"
    "memorysetup-cache-allocator-block-size=4194304"
    "memorysetup-typetree-allocator-block-size=2097152"
    "memorysetup-profiler-bucket-allocator-granularity=16"
    "memorysetup-profiler-bucket-allocator-bucket-count=8"
    "memorysetup-profiler-bucket-allocator-block-size=33554432"
    "memorysetup-profiler-bucket-allocator-block-count=8"
    "memorysetup-profiler-allocator-block-size=16777216"
    "memorysetup-profiler-editor-allocator-block-size=1048576"
    "memorysetup-temp-allocator-size-main=16777216"
    "memorysetup-job-temp-allocator-block-size=2097152"
    "memorysetup-job-temp-allocator-block-size-background=1048576"
    "memorysetup-job-temp-allocator-reduction-small-platforms=262144"
    "memorysetup-temp-allocator-size-background-worker=32768"
    "memorysetup-temp-allocator-size-job-worker=262144"
    "memorysetup-temp-allocator-size-preload-manager=33554432"
    "memorysetup-temp-allocator-size-nav-mesh-worker=65536"
    "memorysetup-temp-allocator-size-audio-worker=65536"
    "memorysetup-temp-allocator-size-cloud-worker=32768"
    "memorysetup-temp-allocator-size-gi-baking-worker=262144"
    "memorysetup-temp-allocator-size-gfx=262144"
Player connection [2804] Host "[IP] 169.254.10.255 [Port] 0 [Flags] 2 [Guid] 1910119805 [EditorId] 1910119805 [Version] 1048832 [Id] WindowsEditor(7,LAPTOP-TCDD3U5P) [Debug] 1 [PackageName] WindowsEditor [ProjectName] Editor" joined multi-casting on [225.0.0.222:54997]...

Player connection [2804] Host "[IP] 169.254.10.255 [Port] 0 [Flags] 2 [Guid] 1910119805 [EditorId] 1910119805 [Version] 1048832 [Id] WindowsEditor(7,LAPTOP-TCDD3U5P) [Debug] 1 [PackageName] WindowsEditor [ProjectName] Editor" joined alternative multi-casting on [225.0.0.222:34997]...

AS: AutoStreaming module initializing.
Refreshing native plugins compatible for Editor in 129.53 ms, found 3 plugins.
Preloading 0 native plugins for Editor in 0.00 ms.
Initialize engine version: 2021.3.16f1c1 (56dbfdd6697f)
[Subsystems] Discovering subsystems at path C:/Program Files/Unity/Hub/Editor/2021.3.16f1c1/Editor/Data/Resources/UnitySubsystems
[Subsystems] Discovering subsystems at path D:/Download/跑酷游戏/Assets
GfxDevice: creating device client; threaded=0; jobified=0
Direct3D:
    Version:  Direct3D 11.0 [level 11.1]
    Renderer: AMD Radeon(TM) Graphics (ID=0x1636)
    Vendor:   ATI
    VRAM:     7870 MB
    Driver:   27.20.11032.1001
Initialize mono
Mono path[0] = 'C:/Program Files/Unity/Hub/Editor/2021.3.16f1c1/Editor/Data/Managed'
Mono path[1] = 'C:/Program Files/Unity/Hub/Editor/2021.3.16f1c1/Editor/Data/MonoBleedingEdge/lib/mono/unityjit-win32'
Mono config path = 'C:/Program Files/Unity/Hub/Editor/2021.3.16f1c1/Editor/Data/MonoBleedingEdge/etc'
Using monoOptions --debugger-agent=transport=dt_socket,embedding=1,server=y,suspend=n,address=127.0.0.1:56728
Begin MonoManager ReloadAssembly
Registering precompiled unity dll's ...
Register platform support module: C:/Program Files/Unity/Hub/Editor/2021.3.16f1c1/Editor/Data/PlaybackEngines/AndroidPlayer/UnityEditor.Android.Extensions.dll
Register platform support module: C:/Program Files/Unity/Hub/Editor/2021.3.16f1c1/Editor/Data/PlaybackEngines/WindowsStandaloneSupport/UnityEditor.WindowsStandalone.Extensions.dll
Registered in 0.050594 seconds.
Native extension for WindowsStandalone target not found
Native extension for Android target not found
Refreshing native plugins compatible for Editor in 113.23 ms, found 3 plugins.
Preloading 0 native plugins for Editor in 0.00 ms.
Mono: successfully reloaded assembly
- Completed reload, in  1.411 seconds
Domain Reload Profiling:
	ReloadAssembly (1411ms)
		BeginReloadAssembly (273ms)
			ExecutionOrderSort (0ms)
			DisableScriptedObjects (0ms)
			BackupInstance (0ms)
			ReleaseScriptingObjects (0ms)
			CreateAndSetChildDomain (1ms)
		EndReloadAssembly (793ms)
			LoadAssemblies (246ms)
			RebuildTransferFunctionScriptingTraits (0ms)
			SetupTypeCache (173ms)
			ReleaseScriptCaches (0ms)
			RebuildScriptCaches (35ms)
			SetupLoadedEditorAssemblies (482ms)
				LogAssemblyErrors (0ms)
				InitializePlatformSupportModulesInManaged (98ms)
				SetLoadedEditorAssemblies (1ms)
				RefreshPlugins (113ms)
				BeforeProcessingInitializeOnLoad (2ms)
				ProcessInitializeOnLoadAttributes (193ms)
				ProcessInitializeOnLoadMethodAttributes (75ms)
				AfterProcessingInitializeOnLoad (0ms)
				EditorAssembliesLoaded (0ms)
			ExecutionOrderSort2 (0ms)
			AwakeInstancesAfterBackupRestoration (0ms)
Platform modules already initialized, skipping
Registering precompiled user dll's ...
Registered in 0.025172 seconds.
Begin MonoManager ReloadAssembly
Symbol file LoadedFromMemory doesn't match image D:\Download\跑酷游戏\Library\PackageCache\com.unity.visualscripting@1.7.8\Editor\VisualScripting.Core\Dependencies\YamlDotNet\Unity.VisualScripting.YamlDotNet.dll
Symbol file LoadedFromMemory doesn't match image D:\Download\跑酷游戏\Library\PackageCache\com.unity.visualscripting@1.7.8\Editor\VisualScripting.Core\Dependencies\DotNetZip\Unity.VisualScripting.IonicZip.dll
Native extension for WindowsStandalone target not found
Native extension for Android target not found
Refreshing native plugins compatible for Editor in 0.66 ms, found 3 plugins.
Preloading 0 native plugins for Editor in 0.00 ms.
Mono: successfully reloaded assembly
- Completed reload, in  2.606 seconds
Domain Reload Profiling:
	ReloadAssembly (2607ms)
		BeginReloadAssembly (392ms)
			ExecutionOrderSort (0ms)
			DisableScriptedObjects (10ms)
			BackupInstance (0ms)
			ReleaseScriptingObjects (0ms)
			CreateAndSetChildDomain (139ms)
		EndReloadAssembly (1949ms)
			LoadAssemblies (256ms)
			RebuildTransferFunctionScriptingTraits (0ms)
			SetupTypeCache (467ms)
			ReleaseScriptCaches (1ms)
			RebuildScriptCaches (173ms)
			SetupLoadedEditorAssemblies (930ms)
				LogAssemblyErrors (0ms)
				InitializePlatformSupportModulesInManaged (32ms)
				SetLoadedEditorAssemblies (0ms)
				RefreshPlugins (1ms)
				BeforeProcessingInitializeOnLoad (183ms)
				ProcessInitializeOnLoadAttributes (630ms)
				ProcessInitializeOnLoadMethodAttributes (36ms)
				AfterProcessingInitializeOnLoad (48ms)
				EditorAssembliesLoaded (0ms)
			ExecutionOrderSort2 (0ms)
			AwakeInstancesAfterBackupRestoration (14ms)
Platform modules already initialized, skipping
========================================================================
Worker process is ready to serve import requests
Launched and connected shader compiler UnityShaderCompiler.exe after 0.11 seconds
Refreshing native plugins compatible for Editor in 0.69 ms, found 3 plugins.
Preloading 0 native plugins for Editor in 0.00 ms.
Unloading 3376 Unused Serialized files (Serialized files now loaded: 0)
Unloading 27 unused Assets / (113.4 KB). Loaded Objects now: 3836.
Memory consumption went from 116.1 MB to 116.0 MB.
Total: 4.200600 ms (FindLiveObjects: 0.536900 ms CreateObjectMapping: 0.109800 ms MarkObjects: 3.379100 ms  DeleteObjects: 0.171900 ms)

AssetImportParameters requested are different than current active one (requested -> active):
  custom:video-decoder-ogg-theora: a1e56fd34408186e4bbccfd4996cb3dc -> 
  custom:container-muxer-webm: aa71ff27fc2769a1b78a27578f13a17b -> 
  custom:container-demuxer-webm: 4f35f7cbe854078d1ac9338744f61a02 -> 
  custom:video-encoder-webm-vp8: eb34c28f22e8b96e1ab97ce403110664 -> 
  custom:video-codec-MediaFoundation-h265: 746d11721c4dcdbdad8f713fa42b33f4 -> 
  custom:audio-encoder-webm-vorbis: bf7c407c2cedff20999df2af8eb42d56 -> 
  custom:framework-win-MediaFoundation: 216162199b28c13a410421893ffa2e32 -> 
  custom:container-demuxer-ogg: 62fdf1f143b41e24485cea50d1cbac27 -> 
  custom:video-decoder-webm-vp8: 9c59270c3fd7afecdb556c50c9e8de78 -> 
  custom:audio-decoder-ogg-vorbis: bf7c407c2cedff20999df2af8eb42d56 -> 
========================================================================
Received Import Request.
  Time since last request: 366842.921677 seconds.
  path: Assets/scripts/Application/Game.cs
  artifactKey: Guid(9485d646c07277640a4e1cc66de8bcf7) Importer(815301076,1909f56bfc062723c751e8b465ee728b)
Start importing Assets/scripts/Application/Game.cs using Guid(9485d646c07277640a4e1cc66de8bcf7) Importer(815301076,1909f56bfc062723c751e8b465ee728b)  -> (artifact id: 'cda4ae6508ba63e73a9c3414f406af12') in 0.148016 seconds 
========================================================================
Received Import Request.
  Time since last request: 127.697868 seconds.
  path: Assets/scripts/Application/Game.cs
  artifactKey: Guid(9485d646c07277640a4e1cc66de8bcf7) Importer(815301076,1909f56bfc062723c751e8b465ee728b)
Start importing Assets/scripts/Application/Game.cs using Guid(9485d646c07277640a4e1cc66de8bcf7) Importer(815301076,1909f56bfc062723c751e8b465ee728b)  -> (artifact id: 'bcdff6bee716486fcb7a346941c439f9') in 0.003586 seconds 
========================================================================
Received Prepare
Registering precompiled user dll's ...
Registered in 0.018684 seconds.
Begin MonoManager ReloadAssembly
Symbol file LoadedFromMemory doesn't match image D:\Download\跑酷游戏\Library\PackageCache\com.unity.visualscripting@1.7.8\Editor\VisualScripting.Core\Dependencies\YamlDotNet\Unity.VisualScripting.YamlDotNet.dll
Symbol file LoadedFromMemory doesn't match image D:\Download\跑酷游戏\Library\PackageCache\com.unity.visualscripting@1.7.8\Editor\VisualScripting.Core\Dependencies\DotNetZip\Unity.VisualScripting.IonicZip.dll
Native extension for WindowsStandalone target not found
Native extension for Android target not found
Refreshing native plugins compatible for Editor in 1.19 ms, found 3 plugins.
Preloading 0 native plugins for Editor in 0.00 ms.
Mono: successfully reloaded assembly
- Completed reload, in  1.684 seconds
Domain Reload Profiling:
	ReloadAssembly (1685ms)
		BeginReloadAssembly (228ms)
			ExecutionOrderSort (0ms)
			DisableScriptedObjects (7ms)
			BackupInstance (0ms)
			ReleaseScriptingObjects (0ms)
			CreateAndSetChildDomain (44ms)
		EndReloadAssembly (1290ms)
			LoadAssemblies (177ms)
			RebuildTransferFunctionScriptingTraits (0ms)
			SetupTypeCache (347ms)
			ReleaseScriptCaches (1ms)
			RebuildScriptCaches (64ms)
			SetupLoadedEditorAssemblies (646ms)
				LogAssemblyErrors (0ms)
				InitializePlatformSupportModulesInManaged (38ms)
				SetLoadedEditorAssemblies (1ms)
				RefreshPlugins (1ms)
				BeforeProcessingInitializeOnLoad (106ms)
				ProcessInitializeOnLoadAttributes (424ms)
				ProcessInitializeOnLoadMethodAttributes (27ms)
				AfterProcessingInitializeOnLoad (49ms)
				EditorAssembliesLoaded (0ms)
			ExecutionOrderSort2 (0ms)
			AwakeInstancesAfterBackupRestoration (16ms)
Platform modules already initialized, skipping
Refreshing native plugins compatible for Editor in 4.39 ms, found 3 plugins.
Preloading 0 native plugins for Editor in 0.00 ms.
Unloading 3371 Unused Serialized files (Serialized files now loaded: 0)
Unloading 20 unused Assets / (79.8 KB). Loaded Objects now: 3839.
Memory consumption went from 116.1 MB to 116.1 MB.
Total: 5.115600 ms (FindLiveObjects: 0.472800 ms CreateObjectMapping: 0.209200 ms MarkObjects: 4.321700 ms  DeleteObjects: 0.109000 ms)

AssetImportParameters requested are different than current active one (requested -> active):
  custom:video-decoder-ogg-theora: a1e56fd34408186e4bbccfd4996cb3dc -> 
  custom:container-muxer-webm: aa71ff27fc2769a1b78a27578f13a17b -> 
  custom:container-demuxer-webm: 4f35f7cbe854078d1ac9338744f61a02 -> 
  custom:video-encoder-webm-vp8: eb34c28f22e8b96e1ab97ce403110664 -> 
  custom:video-codec-MediaFoundation-h265: 746d11721c4dcdbdad8f713fa42b33f4 -> 
  custom:audio-encoder-webm-vorbis: bf7c407c2cedff20999df2af8eb42d56 -> 
  custom:framework-win-MediaFoundation: 216162199b28c13a410421893ffa2e32 -> 
  custom:container-demuxer-ogg: 62fdf1f143b41e24485cea50d1cbac27 -> 
  custom:video-decoder-webm-vp8: 9c59270c3fd7afecdb556c50c9e8de78 -> 
  custom:audio-decoder-ogg-vorbis: bf7c407c2cedff20999df2af8eb42d56 -> 
========================================================================
Received Prepare
Registering precompiled user dll's ...
Registered in 0.020000 seconds.
Begin MonoManager ReloadAssembly
Symbol file LoadedFromMemory doesn't match image D:\Download\跑酷游戏\Library\PackageCache\com.unity.visualscripting@1.7.8\Editor\VisualScripting.Core\Dependencies\YamlDotNet\Unity.VisualScripting.YamlDotNet.dll
Symbol file LoadedFromMemory doesn't match image D:\Download\跑酷游戏\Library\PackageCache\com.unity.visualscripting@1.7.8\Editor\VisualScripting.Core\Dependencies\DotNetZip\Unity.VisualScripting.IonicZip.dll
Native extension for WindowsStandalone target not found
Native extension for Android target not found
Refreshing native plugins compatible for Editor in 0.74 ms, found 3 plugins.
Preloading 0 native plugins for Editor in 0.00 ms.
Mono: successfully reloaded assembly
- Completed reload, in  2.094 seconds
Domain Reload Profiling:
	ReloadAssembly (2095ms)
		BeginReloadAssembly (328ms)
			ExecutionOrderSort (0ms)
			DisableScriptedObjects (8ms)
			BackupInstance (0ms)
			ReleaseScriptingObjects (0ms)
			CreateAndSetChildDomain (94ms)
		EndReloadAssembly (1539ms)
			LoadAssemblies (234ms)
			RebuildTransferFunctionScriptingTraits (0ms)
			SetupTypeCache (462ms)
			ReleaseScriptCaches (2ms)
			RebuildScriptCaches (87ms)
			SetupLoadedEditorAssemblies (685ms)
				LogAssemblyErrors (0ms)
				InitializePlatformSupportModulesInManaged (37ms)
				SetLoadedEditorAssemblies (1ms)
				RefreshPlugins (1ms)
				BeforeProcessingInitializeOnLoad (116ms)
				ProcessInitializeOnLoadAttributes (456ms)
				ProcessInitializeOnLoadMethodAttributes (29ms)
				AfterProcessingInitializeOnLoad (45ms)
				EditorAssembliesLoaded (0ms)
			ExecutionOrderSort2 (0ms)
			AwakeInstancesAfterBackupRestoration (16ms)
Platform modules already initialized, skipping
Refreshing native plugins compatible for Editor in 4.63 ms, found 3 plugins.
Preloading 0 native plugins for Editor in 0.00 ms.
Unloading 3371 Unused Serialized files (Serialized files now loaded: 0)
Unloading 20 unused Assets / (79.9 KB). Loaded Objects now: 3842.
Memory consumption went from 116.1 MB to 116.1 MB.
Total: 3.725200 ms (FindLiveObjects: 0.284800 ms CreateObjectMapping: 0.190000 ms MarkObjects: 3.148200 ms  DeleteObjects: 0.100900 ms)

AssetImportParameters requested are different than current active one (requested -> active):
  custom:video-decoder-ogg-theora: a1e56fd34408186e4bbccfd4996cb3dc -> 
  custom:container-muxer-webm: aa71ff27fc2769a1b78a27578f13a17b -> 
  custom:container-demuxer-webm: 4f35f7cbe854078d1ac9338744f61a02 -> 
  custom:video-encoder-webm-vp8: eb34c28f22e8b96e1ab97ce403110664 -> 
  custom:video-codec-MediaFoundation-h265: 746d11721c4dcdbdad8f713fa42b33f4 -> 
  custom:audio-encoder-webm-vorbis: bf7c407c2cedff20999df2af8eb42d56 -> 
  custom:framework-win-MediaFoundation: 216162199b28c13a410421893ffa2e32 -> 
  custom:container-demuxer-ogg: 62fdf1f143b41e24485cea50d1cbac27 -> 
  custom:video-decoder-webm-vp8: 9c59270c3fd7afecdb556c50c9e8de78 -> 
  custom:audio-decoder-ogg-vorbis: bf7c407c2cedff20999df2af8eb42d56 -> 
========================================================================
Received Import Request.
  Time since last request: 129.011489 seconds.
  path: Assets/scripts/Application/Game.cs
  artifactKey: Guid(9485d646c07277640a4e1cc66de8bcf7) Importer(815301076,1909f56bfc062723c751e8b465ee728b)
Start importing Assets/scripts/Application/Game.cs using Guid(9485d646c07277640a4e1cc66de8bcf7) Importer(815301076,1909f56bfc062723c751e8b465ee728b)  -> (artifact id: 'd8f494ecbc72a2a73cec0bc00a4319f9') in 0.015182 seconds 
========================================================================
Received Prepare
Registering precompiled user dll's ...
Registered in 0.017780 seconds.
Begin MonoManager ReloadAssembly
Symbol file LoadedFromMemory doesn't match image D:\Download\跑酷游戏\Library\PackageCache\com.unity.visualscripting@1.7.8\Editor\VisualScripting.Core\Dependencies\YamlDotNet\Unity.VisualScripting.YamlDotNet.dll
Symbol file LoadedFromMemory doesn't match image D:\Download\跑酷游戏\Library\PackageCache\com.unity.visualscripting@1.7.8\Editor\VisualScripting.Core\Dependencies\DotNetZip\Unity.VisualScripting.IonicZip.dll
Native extension for WindowsStandalone target not found
Native extension for Android target not found
Refreshing native plugins compatible for Editor in 0.86 ms, found 3 plugins.
Preloading 0 native plugins for Editor in 0.00 ms.
Mono: successfully reloaded assembly
- Completed reload, in  1.715 seconds
Domain Reload Profiling:
	ReloadAssembly (1716ms)
		BeginReloadAssembly (209ms)
			ExecutionOrderSort (0ms)
			DisableScriptedObjects (5ms)
			BackupInstance (0ms)
			ReleaseScriptingObjects (0ms)
			CreateAndSetChildDomain (42ms)
		EndReloadAssembly (1330ms)
			LoadAssemblies (161ms)
			RebuildTransferFunctionScriptingTraits (0ms)
			SetupTypeCache (314ms)
			ReleaseScriptCaches (1ms)
			RebuildScriptCaches (94ms)
			SetupLoadedEditorAssemblies (674ms)
				LogAssemblyErrors (0ms)
				InitializePlatformSupportModulesInManaged (45ms)
				SetLoadedEditorAssemblies (1ms)
				RefreshPlugins (1ms)
				BeforeProcessingInitializeOnLoad (110ms)
				ProcessInitializeOnLoadAttributes (446ms)
				ProcessInitializeOnLoadMethodAttributes (28ms)
				AfterProcessingInitializeOnLoad (44ms)
				EditorAssembliesLoaded (0ms)
			ExecutionOrderSort2 (0ms)
			AwakeInstancesAfterBackupRestoration (13ms)
Platform modules already initialized, skipping
Refreshing native plugins compatible for Editor in 5.50 ms, found 3 plugins.
Preloading 0 native plugins for Editor in 0.00 ms.
Unloading 3371 Unused Serialized files (Serialized files now loaded: 0)
Unloading 20 unused Assets / (79.8 KB). Loaded Objects now: 3845.
Memory consumption went from 116.1 MB to 116.1 MB.
Total: 4.949100 ms (FindLiveObjects: 0.339900 ms CreateObjectMapping: 0.092900 ms MarkObjects: 4.403900 ms  DeleteObjects: 0.110300 ms)

AssetImportParameters requested are different than current active one (requested -> active):
  custom:video-decoder-ogg-theora: a1e56fd34408186e4bbccfd4996cb3dc -> 
  custom:container-muxer-webm: aa71ff27fc2769a1b78a27578f13a17b -> 
  custom:container-demuxer-webm: 4f35f7cbe854078d1ac9338744f61a02 -> 
  custom:video-encoder-webm-vp8: eb34c28f22e8b96e1ab97ce403110664 -> 
  custom:video-codec-MediaFoundation-h265: 746d11721c4dcdbdad8f713fa42b33f4 -> 
  custom:audio-encoder-webm-vorbis: bf7c407c2cedff20999df2af8eb42d56 -> 
  custom:framework-win-MediaFoundation: 216162199b28c13a410421893ffa2e32 -> 
  custom:container-demuxer-ogg: 62fdf1f143b41e24485cea50d1cbac27 -> 
  custom:video-decoder-webm-vp8: 9c59270c3fd7afecdb556c50c9e8de78 -> 
  custom:audio-decoder-ogg-vorbis: bf7c407c2cedff20999df2af8eb42d56 -> 
========================================================================
Received Import Request.
  Time since last request: 397.376534 seconds.
  path: Assets/scripts/Framework/MVC/Model.cs
  artifactKey: Guid(1de891799034d594c83807752e6b2b86) Importer(815301076,1909f56bfc062723c751e8b465ee728b)
Start importing Assets/scripts/Framework/MVC/Model.cs using Guid(1de891799034d594c83807752e6b2b86) Importer(815301076,1909f56bfc062723c751e8b465ee728b)  -> (artifact id: 'd97780f85d3c0e4e70ad00a4b3fde05a') in 0.010754 seconds 
========================================================================
Received Prepare
Registering precompiled user dll's ...
Registered in 0.027193 seconds.
Begin MonoManager ReloadAssembly
Symbol file LoadedFromMemory doesn't match image D:\Download\跑酷游戏\Library\PackageCache\com.unity.visualscripting@1.7.8\Editor\VisualScripting.Core\Dependencies\YamlDotNet\Unity.VisualScripting.YamlDotNet.dll
Symbol file LoadedFromMemory doesn't match image D:\Download\跑酷游戏\Library\PackageCache\com.unity.visualscripting@1.7.8\Editor\VisualScripting.Core\Dependencies\DotNetZip\Unity.VisualScripting.IonicZip.dll
Native extension for WindowsStandalone target not found
Native extension for Android target not found
Refreshing native plugins compatible for Editor in 0.99 ms, found 3 plugins.
Preloading 0 native plugins for Editor in 0.00 ms.
Mono: successfully reloaded assembly
- Completed reload, in  1.992 seconds
Domain Reload Profiling:
	ReloadAssembly (1993ms)
		BeginReloadAssembly (278ms)
			ExecutionOrderSort (0ms)
			DisableScriptedObjects (6ms)
			BackupInstance (0ms)
			ReleaseScriptingObjects (0ms)
			CreateAndSetChildDomain (54ms)
		EndReloadAssembly (1475ms)
			LoadAssemblies (221ms)
			RebuildTransferFunctionScriptingTraits (0ms)
			SetupTypeCache (393ms)
			ReleaseScriptCaches (1ms)
			RebuildScriptCaches (66ms)
			SetupLoadedEditorAssemblies (750ms)
				LogAssemblyErrors (0ms)
				InitializePlatformSupportModulesInManaged (41ms)
				SetLoadedEditorAssemblies (1ms)
				RefreshPlugins (1ms)
				BeforeProcessingInitializeOnLoad (120ms)
				ProcessInitializeOnLoadAttributes (502ms)
				ProcessInitializeOnLoadMethodAttributes (34ms)
				AfterProcessingInitializeOnLoad (52ms)
				EditorAssembliesLoaded (0ms)
			ExecutionOrderSort2 (0ms)
			AwakeInstancesAfterBackupRestoration (14ms)
Platform modules already initialized, skipping
Refreshing native plugins compatible for Editor in 6.30 ms, found 3 plugins.
Preloading 0 native plugins for Editor in 0.00 ms.
Unloading 3371 Unused Serialized files (Serialized files now loaded: 0)
Unloading 20 unused Assets / (79.9 KB). Loaded Objects now: 3848.
Memory consumption went from 116.2 MB to 116.1 MB.
Total: 3.843300 ms (FindLiveObjects: 0.338500 ms CreateObjectMapping: 0.125800 ms MarkObjects: 3.219200 ms  DeleteObjects: 0.157300 ms)

AssetImportParameters requested are different than current active one (requested -> active):
  custom:video-decoder-ogg-theora: a1e56fd34408186e4bbccfd4996cb3dc -> 
  custom:container-muxer-webm: aa71ff27fc2769a1b78a27578f13a17b -> 
  custom:container-demuxer-webm: 4f35f7cbe854078d1ac9338744f61a02 -> 
  custom:video-encoder-webm-vp8: eb34c28f22e8b96e1ab97ce403110664 -> 
  custom:video-codec-MediaFoundation-h265: 746d11721c4dcdbdad8f713fa42b33f4 -> 
  custom:audio-encoder-webm-vorbis: bf7c407c2cedff20999df2af8eb42d56 -> 
  custom:framework-win-MediaFoundation: 216162199b28c13a410421893ffa2e32 -> 
  custom:container-demuxer-ogg: 62fdf1f143b41e24485cea50d1cbac27 -> 
  custom:video-decoder-webm-vp8: 9c59270c3fd7afecdb556c50c9e8de78 -> 
  custom:audio-decoder-ogg-vorbis: bf7c407c2cedff20999df2af8eb42d56 -> 
========================================================================
Received Prepare
Registering precompiled user dll's ...
Registered in 0.017781 seconds.
Begin MonoManager ReloadAssembly
Symbol file LoadedFromMemory doesn't match image D:\Download\跑酷游戏\Library\PackageCache\com.unity.visualscripting@1.7.8\Editor\VisualScripting.Core\Dependencies\YamlDotNet\Unity.VisualScripting.YamlDotNet.dll
Symbol file LoadedFromMemory doesn't match image D:\Download\跑酷游戏\Library\PackageCache\com.unity.visualscripting@1.7.8\Editor\VisualScripting.Core\Dependencies\DotNetZip\Unity.VisualScripting.IonicZip.dll
Native extension for WindowsStandalone target not found
Native extension for Android target not found
Refreshing native plugins compatible for Editor in 0.67 ms, found 3 plugins.
Preloading 0 native plugins for Editor in 0.00 ms.
Mono: successfully reloaded assembly
- Completed reload, in  1.780 seconds
Domain Reload Profiling:
	ReloadAssembly (1781ms)
		BeginReloadAssembly (294ms)
			ExecutionOrderSort (0ms)
			DisableScriptedObjects (7ms)
			BackupInstance (0ms)
			ReleaseScriptingObjects (0ms)
			CreateAndSetChildDomain (70ms)
		EndReloadAssembly (1284ms)
			LoadAssemblies (215ms)
			RebuildTransferFunctionScriptingTraits (0ms)
			SetupTypeCache (322ms)
			ReleaseScriptCaches (1ms)
			RebuildScriptCaches (52ms)
			SetupLoadedEditorAssemblies (671ms)
				LogAssemblyErrors (0ms)
				InitializePlatformSupportModulesInManaged (38ms)
				SetLoadedEditorAssemblies (0ms)
				RefreshPlugins (1ms)
				BeforeProcessingInitializeOnLoad (108ms)
				ProcessInitializeOnLoadAttributes (448ms)
				ProcessInitializeOnLoadMethodAttributes (30ms)
				AfterProcessingInitializeOnLoad (46ms)
				EditorAssembliesLoaded (0ms)
			ExecutionOrderSort2 (0ms)
			AwakeInstancesAfterBackupRestoration (13ms)
Platform modules already initialized, skipping
Refreshing native plugins compatible for Editor in 6.72 ms, found 3 plugins.
Preloading 0 native plugins for Editor in 0.00 ms.
Unloading 3371 Unused Serialized files (Serialized files now loaded: 0)
Unloading 20 unused Assets / (79.7 KB). Loaded Objects now: 3851.
Memory consumption went from 116.1 MB to 116.0 MB.
Total: 5.322000 ms (FindLiveObjects: 0.610300 ms CreateObjectMapping: 0.248800 ms MarkObjects: 4.311600 ms  DeleteObjects: 0.148500 ms)

AssetImportParameters requested are different than current active one (requested -> active):
  custom:video-decoder-ogg-theora: a1e56fd34408186e4bbccfd4996cb3dc -> 
  custom:container-muxer-webm: aa71ff27fc2769a1b78a27578f13a17b -> 
  custom:container-demuxer-webm: 4f35f7cbe854078d1ac9338744f61a02 -> 
  custom:video-encoder-webm-vp8: eb34c28f22e8b96e1ab97ce403110664 -> 
  custom:video-codec-MediaFoundation-h265: 746d11721c4dcdbdad8f713fa42b33f4 -> 
  custom:audio-encoder-webm-vorbis: bf7c407c2cedff20999df2af8eb42d56 -> 
  custom:framework-win-MediaFoundation: 216162199b28c13a410421893ffa2e32 -> 
  custom:container-demuxer-ogg: 62fdf1f143b41e24485cea50d1cbac27 -> 
  custom:video-decoder-webm-vp8: 9c59270c3fd7afecdb556c50c9e8de78 -> 
  custom:audio-decoder-ogg-vorbis: bf7c407c2cedff20999df2af8eb42d56 -> 
========================================================================
Received Prepare
Registering precompiled user dll's ...
Registered in 0.017513 seconds.
Begin MonoManager ReloadAssembly
Symbol file LoadedFromMemory doesn't match image D:\Download\跑酷游戏\Library\PackageCache\com.unity.visualscripting@1.7.8\Editor\VisualScripting.Core\Dependencies\YamlDotNet\Unity.VisualScripting.YamlDotNet.dll
Symbol file LoadedFromMemory doesn't match image D:\Download\跑酷游戏\Library\PackageCache\com.unity.visualscripting@1.7.8\Editor\VisualScripting.Core\Dependencies\DotNetZip\Unity.VisualScripting.IonicZip.dll
Native extension for WindowsStandalone target not found
Native extension for Android target not found
Refreshing native plugins compatible for Editor in 1.32 ms, found 3 plugins.
Preloading 0 native plugins for Editor in 0.00 ms.
Mono: successfully reloaded assembly
- Completed reload, in  1.859 seconds
Domain Reload Profiling:
	ReloadAssembly (1860ms)
		BeginReloadAssembly (314ms)
			ExecutionOrderSort (0ms)
			DisableScriptedObjects (9ms)
			BackupInstance (0ms)
			ReleaseScriptingObjects (0ms)
			CreateAndSetChildDomain (72ms)
		EndReloadAssembly (1292ms)
			LoadAssemblies (252ms)
			RebuildTransferFunctionScriptingTraits (0ms)
			SetupTypeCache (360ms)
			ReleaseScriptCaches (1ms)
			RebuildScriptCaches (49ms)
			SetupLoadedEditorAssemblies (619ms)
				LogAssemblyErrors (0ms)
				InitializePlatformSupportModulesInManaged (38ms)
				SetLoadedEditorAssemblies (1ms)
				RefreshPlugins (2ms)
				BeforeProcessingInitializeOnLoad (103ms)
				ProcessInitializeOnLoadAttributes (407ms)
				ProcessInitializeOnLoadMethodAttributes (27ms)
				AfterProcessingInitializeOnLoad (42ms)
				EditorAssembliesLoaded (0ms)
			ExecutionOrderSort2 (0ms)
			AwakeInstancesAfterBackupRestoration (11ms)
Platform modules already initialized, skipping
Refreshing native plugins compatible for Editor in 4.34 ms, found 3 plugins.
Preloading 0 native plugins for Editor in 0.00 ms.
Unloading 3376 Unused Serialized files (Serialized files now loaded: 0)
Unloading 24 unused Assets / (459.1 KB). Loaded Objects now: 3855.
Memory consumption went from 119.4 MB to 119.0 MB.
Total: 4.211600 ms (FindLiveObjects: 0.475600 ms CreateObjectMapping: 0.259900 ms MarkObjects: 3.156700 ms  DeleteObjects: 0.316600 ms)

AssetImportParameters requested are different than current active one (requested -> active):
  custom:video-decoder-ogg-theora: a1e56fd34408186e4bbccfd4996cb3dc -> 
  custom:container-muxer-webm: aa71ff27fc2769a1b78a27578f13a17b -> 
  custom:container-demuxer-webm: 4f35f7cbe854078d1ac9338744f61a02 -> 
  custom:video-encoder-webm-vp8: eb34c28f22e8b96e1ab97ce403110664 -> 
  custom:video-codec-MediaFoundation-h265: 746d11721c4dcdbdad8f713fa42b33f4 -> 
  custom:audio-encoder-webm-vorbis: bf7c407c2cedff20999df2af8eb42d56 -> 
  custom:framework-win-MediaFoundation: 216162199b28c13a410421893ffa2e32 -> 
  custom:container-demuxer-ogg: 62fdf1f143b41e24485cea50d1cbac27 -> 
  custom:video-decoder-webm-vp8: 9c59270c3fd7afecdb556c50c9e8de78 -> 
  custom:audio-decoder-ogg-vorbis: bf7c407c2cedff20999df2af8eb42d56 -> 
========================================================================
Received Import Request.
  Time since last request: 656.225317 seconds.
  path: Assets/Res/UITexture/Atlas
  artifactKey: Guid(44dc108c728cba2459621e9808f5fa58) Importer(815301076,1909f56bfc062723c751e8b465ee728b)
Start importing Assets/Res/UITexture/Atlas using Guid(44dc108c728cba2459621e9808f5fa58) Importer(815301076,1909f56bfc062723c751e8b465ee728b)  -> (artifact id: 'd42947852ca368b291efbfca5b30672b') in 0.008287 seconds 
========================================================================
Received Import Request.
  Time since last request: 6.534921 seconds.
  path: Assets/Res/UITexture/Atlas/LoadingAtlas.prefab
  artifactKey: Guid(e01b99a8c1d3cae4c8e338de2085bc2e) Importer(815301076,1909f56bfc062723c751e8b465ee728b)
Start importing Assets/Res/UITexture/Atlas/LoadingAtlas.prefab using Guid(e01b99a8c1d3cae4c8e338de2085bc2e) Importer(815301076,1909f56bfc062723c751e8b465ee728b)  -> (artifact id: 'e25e1265a89127ae7d88e16877580961') in 0.035005 seconds 
========================================================================
Received Import Request.
  Time since last request: 4.505025 seconds.
  path: Assets/Res/UITexture/Atlas/LoadingAtlas.png
  artifactKey: Guid(3ba1739d21dcb144abbccd5e7ced4e8c) Importer(815301076,1909f56bfc062723c751e8b465ee728b)
Start importing Assets/Res/UITexture/Atlas/LoadingAtlas.png using Guid(3ba1739d21dcb144abbccd5e7ced4e8c) Importer(815301076,1909f56bfc062723c751e8b465ee728b)  -> (artifact id: 'aaf9eb0e147f78c48bc86497af8ceb6d') in 0.041773 seconds 
========================================================================
Received Import Request.
  Time since last request: 4.223050 seconds.
  path: Assets/Res/Prefabs/Effect
  artifactKey: Guid(1b1b7151e6856db458bb10f05dd85d20) Importer(815301076,1909f56bfc062723c751e8b465ee728b)
Start importing Assets/Res/Prefabs/Effect using Guid(1b1b7151e6856db458bb10f05dd85d20) Importer(815301076,1909f56bfc062723c751e8b465ee728b)  -> (artifact id: '6d4a1e24029cbfd020eddc0ecf4ea3fc') in 0.003782 seconds 
========================================================================
Received Import Request.
  Time since last request: 1.360835 seconds.
  path: Assets/Res/Prefabs/Effect/Effect_QiuWang.prefab
  artifactKey: Guid(11bccbe8b2d16ce46a4cf2495fda366e) Importer(815301076,1909f56bfc062723c751e8b465ee728b)
Start importing Assets/Res/Prefabs/Effect/Effect_QiuWang.prefab using Guid(11bccbe8b2d16ce46a4cf2495fda366e) Importer(815301076,1909f56bfc062723c751e8b465ee728b)  -> (artifact id: '0af13a9de53d0a72e254ec1b11bd500d') in 0.100586 seconds 
========================================================================
Received Import Request.
  Time since last request: 3.920720 seconds.
  path: Assets/Res/Prefabs/Item_RandomModel/RandomMode_Test1.prefab
  artifactKey: Guid(8e4907394c84b624ba79bd8776a18800) Importer(815301076,1909f56bfc062723c751e8b465ee728b)
Start importing Assets/Res/Prefabs/Item_RandomModel/RandomMode_Test1.prefab using Guid(8e4907394c84b624ba79bd8776a18800) Importer(815301076,1909f56bfc062723c751e8b465ee728b)  -> (artifact id: '2cd38bc8d9870e3381aabe114090fba4') in 0.121184 seconds 
========================================================================
Received Import Request.
  Time since last request: 0.328570 seconds.
  path: Assets/Res/Prefabs/Item_RandomModel/RandomMode_Test2.prefab
  artifactKey: Guid(cb675fbb07a944a419bbaab4c89ae07f) Importer(815301076,1909f56bfc062723c751e8b465ee728b)
Start importing Assets/Res/Prefabs/Item_RandomModel/RandomMode_Test2.prefab using Guid(cb675fbb07a944a419bbaab4c89ae07f) Importer(815301076,1909f56bfc062723c751e8b465ee728b)  -> (artifact id: 'a5d7c6f75d52b575990cca0fe79c584e') in 0.028060 seconds 
========================================================================
Received Import Request.
  Time since last request: 190.547802 seconds.
  path: Assets/Res
  artifactKey: Guid(4550ce45cf80e394aa6bab86f3c147ec) Importer(815301076,1909f56bfc062723c751e8b465ee728b)
Start importing Assets/Res using Guid(4550ce45cf80e394aa6bab86f3c147ec) Importer(815301076,1909f56bfc062723c751e8b465ee728b)  -> (artifact id: 'db8fb5fe862bee93c10e47ff5467225b') in 0.004112 seconds 
========================================================================
Received Import Request.
  Time since last request: 133.372129 seconds.
  path: Assets/Toon_Running_Environment/Materials
  artifactKey: Guid(dba8637b7ca4ff648896b3532f16fb0a) Importer(815301076,1909f56bfc062723c751e8b465ee728b)
Start importing Assets/Toon_Running_Environment/Materials using Guid(dba8637b7ca4ff648896b3532f16fb0a) Importer(815301076,1909f56bfc062723c751e8b465ee728b)  -> (artifact id: '766f2740e772b6cf2540a1672b3658e7') in 0.002948 seconds 
========================================================================
Received Import Request.
  Time since last request: 8.575778 seconds.
  path: Assets/Toon_Running_Environment/Meshes/Buildings
  artifactKey: Guid(08d31e99f8f54234f97f1ff1142a7af8) Importer(815301076,1909f56bfc062723c751e8b465ee728b)
Start importing Assets/Toon_Running_Environment/Meshes/Buildings using Guid(08d31e99f8f54234f97f1ff1142a7af8) Importer(815301076,1909f56bfc062723c751e8b465ee728b)  -> (artifact id: '4d623ef1b6e7140aec83e7c162d7dc67') in 0.004490 seconds 
========================================================================
Received Import Request.
  Time since last request: 1.308159 seconds.
  path: Assets/Toon_Running_Environment/Meshes/Buildings/Balcony_A1.fbx
  artifactKey: Guid(a623703a791e5e14b9c9717fce4bc39f) Importer(815301076,1909f56bfc062723c751e8b465ee728b)
Start importing Assets/Toon_Running_Environment/Meshes/Buildings/Balcony_A1.fbx using Guid(a623703a791e5e14b9c9717fce4bc39f) Importer(815301076,1909f56bfc062723c751e8b465ee728b)  -> (artifact id: '5fa4eda930cd5386b1190f53d0a2b1e6') in 0.416166 seconds 
========================================================================
Received Import Request.
  Time since last request: 7.971654 seconds.
  path: Assets/Toon_Running_Environment/Meshes/Street/Bench_A1.fbx
  artifactKey: Guid(ae6e9f620aa8c914d86db7ba7c3d625c) Importer(815301076,1909f56bfc062723c751e8b465ee728b)
Start importing Assets/Toon_Running_Environment/Meshes/Street/Bench_A1.fbx using Guid(ae6e9f620aa8c914d86db7ba7c3d625c) Importer(815301076,1909f56bfc062723c751e8b465ee728b)  -> (artifact id: 'ec06b7cd6e3c58de782631d230b64d88') in 0.142282 seconds 
========================================================================
Received Import Request.
  Time since last request: 1.190063 seconds.
  path: Assets/Toon_Running_Environment/Meshes/Street/Cone_A.fbx
  artifactKey: Guid(295272d6c40ce2c44a3c4aaa44079370) Importer(815301076,1909f56bfc062723c751e8b465ee728b)
Start importing Assets/Toon_Running_Environment/Meshes/Street/Cone_A.fbx using Guid(295272d6c40ce2c44a3c4aaa44079370) Importer(815301076,1909f56bfc062723c751e8b465ee728b)  -> (artifact id: '4578908715a875690f029ae7f4e234e5') in 0.097212 seconds 
========================================================================
Received Import Request.
  Time since last request: 0.606281 seconds.
  path: Assets/Toon_Running_Environment/Meshes/Street/Grass_A1.fbx
  artifactKey: Guid(5f9c8abfacd220e46b285cf1fd48c288) Importer(815301076,1909f56bfc062723c751e8b465ee728b)
Start importing Assets/Toon_Running_Environment/Meshes/Street/Grass_A1.fbx using Guid(5f9c8abfacd220e46b285cf1fd48c288) Importer(815301076,1909f56bfc062723c751e8b465ee728b)  -> (artifact id: 'b8a581d3bc820b02f15d1a3657bca6ec') in 0.095877 seconds 
========================================================================
Received Import Request.
  Time since last request: 0.487790 seconds.
  path: Assets/Toon_Running_Environment/Meshes/Street/Grass_A4.fbx
  artifactKey: Guid(86fa250fd759fe34393adc13866c8fdf) Importer(815301076,1909f56bfc062723c751e8b465ee728b)
Start importing Assets/Toon_Running_Environment/Meshes/Street/Grass_A4.fbx using Guid(86fa250fd759fe34393adc13866c8fdf) Importer(815301076,1909f56bfc062723c751e8b465ee728b)  -> (artifact id: 'bda30b970494d31ae113548a7ea04227') in 0.097835 seconds 
========================================================================
Received Prepare
Registering precompiled user dll's ...
Registered in 0.016104 seconds.
Begin MonoManager ReloadAssembly
Symbol file LoadedFromMemory doesn't match image D:\Download\跑酷游戏\Library\PackageCache\com.unity.visualscripting@1.7.8\Editor\VisualScripting.Core\Dependencies\YamlDotNet\Unity.VisualScripting.YamlDotNet.dll
Symbol file LoadedFromMemory doesn't match image D:\Download\跑酷游戏\Library\PackageCache\com.unity.visualscripting@1.7.8\Editor\VisualScripting.Core\Dependencies\DotNetZip\Unity.VisualScripting.IonicZip.dll
Native extension for WindowsStandalone target not found
Native extension for Android target not found
Refreshing native plugins compatible for Editor in 1.74 ms, found 3 plugins.
Preloading 0 native plugins for Editor in 0.00 ms.
Mono: successfully reloaded assembly
- Completed reload, in  2.338 seconds
Domain Reload Profiling:
	ReloadAssembly (2339ms)
		BeginReloadAssembly (324ms)
			ExecutionOrderSort (0ms)
			DisableScriptedObjects (8ms)
			BackupInstance (0ms)
			ReleaseScriptingObjects (0ms)
			CreateAndSetChildDomain (78ms)
		EndReloadAssembly (1775ms)
			LoadAssemblies (242ms)
			RebuildTransferFunctionScriptingTraits (0ms)
			SetupTypeCache (439ms)
			ReleaseScriptCaches (3ms)
			RebuildScriptCaches (68ms)
			SetupLoadedEditorAssemblies (976ms)
				LogAssemblyErrors (0ms)
				InitializePlatformSupportModulesInManaged (52ms)
				SetLoadedEditorAssemblies (1ms)
				RefreshPlugins (2ms)
				BeforeProcessingInitializeOnLoad (152ms)
				ProcessInitializeOnLoadAttributes (676ms)
				ProcessInitializeOnLoadMethodAttributes (39ms)
				AfterProcessingInitializeOnLoad (55ms)
				EditorAssembliesLoaded (0ms)
			ExecutionOrderSort2 (0ms)
			AwakeInstancesAfterBackupRestoration (16ms)
Platform modules already initialized, skipping
Refreshing native plugins compatible for Editor in 5.43 ms, found 3 plugins.
Preloading 0 native plugins for Editor in 0.00 ms.
Unloading 3371 Unused Serialized files (Serialized files now loaded: 0)
Unloading 21 unused Assets / (80.6 KB). Loaded Objects now: 3873.
Memory consumption went from 136.1 MB to 136.0 MB.
Total: 4.927200 ms (FindLiveObjects: 0.474400 ms CreateObjectMapping: 0.140500 ms MarkObjects: 4.017900 ms  DeleteObjects: 0.290000 ms)

AssetImportParameters requested are different than current active one (requested -> active):
  custom:video-decoder-ogg-theora: a1e56fd34408186e4bbccfd4996cb3dc -> 
  custom:container-muxer-webm: aa71ff27fc2769a1b78a27578f13a17b -> 
  custom:container-demuxer-webm: 4f35f7cbe854078d1ac9338744f61a02 -> 
  custom:video-encoder-webm-vp8: eb34c28f22e8b96e1ab97ce403110664 -> 
  custom:video-codec-MediaFoundation-h265: 746d11721c4dcdbdad8f713fa42b33f4 -> 
  custom:audio-encoder-webm-vorbis: bf7c407c2cedff20999df2af8eb42d56 -> 
  custom:framework-win-MediaFoundation: 216162199b28c13a410421893ffa2e32 -> 
  custom:container-demuxer-ogg: 62fdf1f143b41e24485cea50d1cbac27 -> 
  custom:video-decoder-webm-vp8: 9c59270c3fd7afecdb556c50c9e8de78 -> 
  custom:audio-decoder-ogg-vorbis: bf7c407c2cedff20999df2af8eb42d56 -> 
========================================================================
Received Prepare
Registering precompiled user dll's ...
Registered in 0.017066 seconds.
Begin MonoManager ReloadAssembly
Symbol file LoadedFromMemory doesn't match image D:\Download\跑酷游戏\Library\PackageCache\com.unity.visualscripting@1.7.8\Editor\VisualScripting.Core\Dependencies\YamlDotNet\Unity.VisualScripting.YamlDotNet.dll
Symbol file LoadedFromMemory doesn't match image D:\Download\跑酷游戏\Library\PackageCache\com.unity.visualscripting@1.7.8\Editor\VisualScripting.Core\Dependencies\DotNetZip\Unity.VisualScripting.IonicZip.dll
Native extension for WindowsStandalone target not found
Native extension for Android target not found
Refreshing native plugins compatible for Editor in 1.16 ms, found 3 plugins.
Preloading 0 native plugins for Editor in 0.00 ms.
Mono: successfully reloaded assembly
- Completed reload, in  1.942 seconds
Domain Reload Profiling:
	ReloadAssembly (1943ms)
		BeginReloadAssembly (312ms)
			ExecutionOrderSort (0ms)
			DisableScriptedObjects (6ms)
			BackupInstance (0ms)
			ReleaseScriptingObjects (0ms)
			CreateAndSetChildDomain (72ms)
		EndReloadAssembly (1401ms)
			LoadAssemblies (235ms)
			RebuildTransferFunctionScriptingTraits (0ms)
			SetupTypeCache (394ms)
			ReleaseScriptCaches (3ms)
			RebuildScriptCaches (78ms)
			SetupLoadedEditorAssemblies (648ms)
				LogAssemblyErrors (0ms)
				InitializePlatformSupportModulesInManaged (40ms)
				SetLoadedEditorAssemblies (1ms)
				RefreshPlugins (1ms)
				BeforeProcessingInitializeOnLoad (108ms)
				ProcessInitializeOnLoadAttributes (428ms)
				ProcessInitializeOnLoadMethodAttributes (27ms)
				AfterProcessingInitializeOnLoad (43ms)
				EditorAssembliesLoaded (0ms)
			ExecutionOrderSort2 (0ms)
			AwakeInstancesAfterBackupRestoration (13ms)
Platform modules already initialized, skipping
Refreshing native plugins compatible for Editor in 3.90 ms, found 3 plugins.
Preloading 0 native plugins for Editor in 0.00 ms.
Unloading 3371 Unused Serialized files (Serialized files now loaded: 0)
Unloading 20 unused Assets / (80.0 KB). Loaded Objects now: 3876.
Memory consumption went from 136.1 MB to 136.0 MB.
Total: 4.101000 ms (FindLiveObjects: 0.386100 ms CreateObjectMapping: 0.173800 ms MarkObjects: 3.325800 ms  DeleteObjects: 0.212300 ms)

AssetImportParameters requested are different than current active one (requested -> active):
  custom:video-decoder-ogg-theora: a1e56fd34408186e4bbccfd4996cb3dc -> 
  custom:container-muxer-webm: aa71ff27fc2769a1b78a27578f13a17b -> 
  custom:container-demuxer-webm: 4f35f7cbe854078d1ac9338744f61a02 -> 
  custom:video-encoder-webm-vp8: eb34c28f22e8b96e1ab97ce403110664 -> 
  custom:video-codec-MediaFoundation-h265: 746d11721c4dcdbdad8f713fa42b33f4 -> 
  custom:audio-encoder-webm-vorbis: bf7c407c2cedff20999df2af8eb42d56 -> 
  custom:framework-win-MediaFoundation: 216162199b28c13a410421893ffa2e32 -> 
  custom:container-demuxer-ogg: 62fdf1f143b41e24485cea50d1cbac27 -> 
  custom:video-decoder-webm-vp8: 9c59270c3fd7afecdb556c50c9e8de78 -> 
  custom:audio-decoder-ogg-vorbis: bf7c407c2cedff20999df2af8eb42d56 -> 
========================================================================
Received Prepare
Registering precompiled user dll's ...
Registered in 0.020678 seconds.
Begin MonoManager ReloadAssembly
Symbol file LoadedFromMemory doesn't match image D:\Download\跑酷游戏\Library\PackageCache\com.unity.visualscripting@1.7.8\Editor\VisualScripting.Core\Dependencies\YamlDotNet\Unity.VisualScripting.YamlDotNet.dll
Symbol file LoadedFromMemory doesn't match image D:\Download\跑酷游戏\Library\PackageCache\com.unity.visualscripting@1.7.8\Editor\VisualScripting.Core\Dependencies\DotNetZip\Unity.VisualScripting.IonicZip.dll
Native extension for WindowsStandalone target not found
Native extension for Android target not found
Refreshing native plugins compatible for Editor in 1.03 ms, found 3 plugins.
Preloading 0 native plugins for Editor in 0.00 ms.
Mono: successfully reloaded assembly
- Completed reload, in  2.204 seconds
Domain Reload Profiling:
	ReloadAssembly (2205ms)
		BeginReloadAssembly (342ms)
			ExecutionOrderSort (0ms)
			DisableScriptedObjects (9ms)
			BackupInstance (0ms)
			ReleaseScriptingObjects (0ms)
			CreateAndSetChildDomain (74ms)
		EndReloadAssembly (1631ms)
			LoadAssemblies (263ms)
			RebuildTransferFunctionScriptingTraits (0ms)
			SetupTypeCache (413ms)
			ReleaseScriptCaches (2ms)
			RebuildScriptCaches (60ms)
			SetupLoadedEditorAssemblies (880ms)
				LogAssemblyErrors (0ms)
				InitializePlatformSupportModulesInManaged (48ms)
				SetLoadedEditorAssemblies (1ms)
				RefreshPlugins (1ms)
				BeforeProcessingInitializeOnLoad (149ms)
				ProcessInitializeOnLoadAttributes (580ms)
				ProcessInitializeOnLoadMethodAttributes (41ms)
				AfterProcessingInitializeOnLoad (61ms)
				EditorAssembliesLoaded (0ms)
			ExecutionOrderSort2 (0ms)
			AwakeInstancesAfterBackupRestoration (17ms)
Platform modules already initialized, skipping
Refreshing native plugins compatible for Editor in 6.39 ms, found 3 plugins.
Preloading 0 native plugins for Editor in 0.00 ms.
Unloading 3375 Unused Serialized files (Serialized files now loaded: 0)
Unloading 22 unused Assets / (306.1 KB). Loaded Objects now: 3881.
Memory consumption went from 137.0 MB to 136.7 MB.
Total: 5.749900 ms (FindLiveObjects: 0.414000 ms CreateObjectMapping: 0.104500 ms MarkObjects: 4.946800 ms  DeleteObjects: 0.281000 ms)

AssetImportParameters requested are different than current active one (requested -> active):
  custom:video-decoder-ogg-theora: a1e56fd34408186e4bbccfd4996cb3dc -> 
  custom:container-muxer-webm: aa71ff27fc2769a1b78a27578f13a17b -> 
  custom:container-demuxer-webm: 4f35f7cbe854078d1ac9338744f61a02 -> 
  custom:video-encoder-webm-vp8: eb34c28f22e8b96e1ab97ce403110664 -> 
  custom:video-codec-MediaFoundation-h265: 746d11721c4dcdbdad8f713fa42b33f4 -> 
  custom:audio-encoder-webm-vorbis: bf7c407c2cedff20999df2af8eb42d56 -> 
  custom:framework-win-MediaFoundation: 216162199b28c13a410421893ffa2e32 -> 
  custom:container-demuxer-ogg: 62fdf1f143b41e24485cea50d1cbac27 -> 
  custom:video-decoder-webm-vp8: 9c59270c3fd7afecdb556c50c9e8de78 -> 
  custom:audio-decoder-ogg-vorbis: bf7c407c2cedff20999df2af8eb42d56 -> 
========================================================================
Received Prepare
Registering precompiled user dll's ...
Registered in 0.019631 seconds.
Begin MonoManager ReloadAssembly
Symbol file LoadedFromMemory doesn't match image D:\Download\跑酷游戏\Library\PackageCache\com.unity.visualscripting@1.7.8\Editor\VisualScripting.Core\Dependencies\YamlDotNet\Unity.VisualScripting.YamlDotNet.dll
Symbol file LoadedFromMemory doesn't match image D:\Download\跑酷游戏\Library\PackageCache\com.unity.visualscripting@1.7.8\Editor\VisualScripting.Core\Dependencies\DotNetZip\Unity.VisualScripting.IonicZip.dll
Native extension for WindowsStandalone target not found
Native extension for Android target not found
Refreshing native plugins compatible for Editor in 3.23 ms, found 3 plugins.
Preloading 0 native plugins for Editor in 0.00 ms.
Mono: successfully reloaded assembly
- Completed reload, in  2.336 seconds
Domain Reload Profiling:
	ReloadAssembly (2337ms)
		BeginReloadAssembly (380ms)
			ExecutionOrderSort (0ms)
			DisableScriptedObjects (19ms)
			BackupInstance (0ms)
			ReleaseScriptingObjects (0ms)
			CreateAndSetChildDomain (88ms)
		EndReloadAssembly (1705ms)
			LoadAssemblies (242ms)
			RebuildTransferFunctionScriptingTraits (0ms)
			SetupTypeCache (438ms)
			ReleaseScriptCaches (3ms)
			RebuildScriptCaches (73ms)
			SetupLoadedEditorAssemblies (890ms)
				LogAssemblyErrors (0ms)
				InitializePlatformSupportModulesInManaged (48ms)
				SetLoadedEditorAssemblies (4ms)
				RefreshPlugins (4ms)
				BeforeProcessingInitializeOnLoad (134ms)
				ProcessInitializeOnLoadAttributes (604ms)
				ProcessInitializeOnLoadMethodAttributes (36ms)
				AfterProcessingInitializeOnLoad (61ms)
				EditorAssembliesLoaded (0ms)
			ExecutionOrderSort2 (0ms)
			AwakeInstancesAfterBackupRestoration (21ms)
Platform modules already initialized, skipping
Refreshing native plugins compatible for Editor in 7.17 ms, found 3 plugins.
Preloading 0 native plugins for Editor in 0.00 ms.
Unloading 3373 Unused Serialized files (Serialized files now loaded: 0)
Unloading 22 unused Assets / (352.6 KB). Loaded Objects now: 3884.
Memory consumption went from 136.7 MB to 136.4 MB.
Total: 7.861900 ms (FindLiveObjects: 0.366900 ms CreateObjectMapping: 0.114700 ms MarkObjects: 6.608900 ms  DeleteObjects: 0.767700 ms)

AssetImportParameters requested are different than current active one (requested -> active):
  custom:video-decoder-ogg-theora: a1e56fd34408186e4bbccfd4996cb3dc -> 
  custom:container-muxer-webm: aa71ff27fc2769a1b78a27578f13a17b -> 
  custom:container-demuxer-webm: 4f35f7cbe854078d1ac9338744f61a02 -> 
  custom:video-encoder-webm-vp8: eb34c28f22e8b96e1ab97ce403110664 -> 
  custom:video-codec-MediaFoundation-h265: 746d11721c4dcdbdad8f713fa42b33f4 -> 
  custom:audio-encoder-webm-vorbis: bf7c407c2cedff20999df2af8eb42d56 -> 
  custom:framework-win-MediaFoundation: 216162199b28c13a410421893ffa2e32 -> 
  custom:container-demuxer-ogg: 62fdf1f143b41e24485cea50d1cbac27 -> 
  custom:video-decoder-webm-vp8: 9c59270c3fd7afecdb556c50c9e8de78 -> 
  custom:audio-decoder-ogg-vorbis: bf7c407c2cedff20999df2af8eb42d56 -> 
========================================================================
Received Import Request.
  Time since last request: 285.471220 seconds.
  path: Assets/Res/Effect/Mesh/cone.FBX
  artifactKey: Guid(d26c1992f4508c84bb7dc429028ce46d) Importer(815301076,1909f56bfc062723c751e8b465ee728b)
Start importing Assets/Res/Effect/Mesh/cone.FBX using Guid(d26c1992f4508c84bb7dc429028ce46d) Importer(815301076,1909f56bfc062723c751e8b465ee728b)  -> (artifact id: '39c570400a5e7e5f8c7a4802d405d0b0') in 0.162646 seconds 
========================================================================
Received Import Request.
  Time since last request: 5.596275 seconds.
  path: Assets/Res/Effect/Mesh/CylinderEmitter.fbx
  artifactKey: Guid(807794e8a06b6e04c87a93ced3b83517) Importer(815301076,1909f56bfc062723c751e8b465ee728b)
Start importing Assets/Res/Effect/Mesh/CylinderEmitter.fbx using Guid(807794e8a06b6e04c87a93ced3b83517) Importer(815301076,1909f56bfc062723c751e8b465ee728b)  -> (artifact id: 'bca7f910152069f51829701e2211831c') in 0.021611 seconds 
========================================================================
Received Import Request.
  Time since last request: 0.567600 seconds.
  path: Assets/Res/Effect/Mesh/Effect_Lightshafts.obj
  artifactKey: Guid(19a1c0601e0c3f84bb617dcf5a042a27) Importer(815301076,1909f56bfc062723c751e8b465ee728b)
Start importing Assets/Res/Effect/Mesh/Effect_Lightshafts.obj using Guid(19a1c0601e0c3f84bb617dcf5a042a27) Importer(815301076,1909f56bfc062723c751e8b465ee728b)  -> (artifact id: '4746a4a38d332689348a19b85f17b4bc') in 0.028808 seconds 
========================================================================
Received Import Request.
  Time since last request: 0.419193 seconds.
  path: Assets/Res/Effect/Mesh/gore3.FBX
  artifactKey: Guid(73fa82cd096c2c042a59c838b9a0a2a8) Importer(815301076,1909f56bfc062723c751e8b465ee728b)
Start importing Assets/Res/Effect/Mesh/gore3.FBX using Guid(73fa82cd096c2c042a59c838b9a0a2a8) Importer(815301076,1909f56bfc062723c751e8b465ee728b)  -> (artifact id: '36d8156051623a7b2623bca9c596cb8f') in 0.019437 seconds 
========================================================================
Received Import Request.
  Time since last request: 0.452275 seconds.
  path: Assets/Res/Effect/Mesh/HitFX01_B.FBX
  artifactKey: Guid(339c2367bedaab64b9d2c2ef3906de6e) Importer(815301076,1909f56bfc062723c751e8b465ee728b)
Start importing Assets/Res/Effect/Mesh/HitFX01_B.FBX using Guid(339c2367bedaab64b9d2c2ef3906de6e) Importer(815301076,1909f56bfc062723c751e8b465ee728b)  -> (artifact id: 'af7a922f1629eb4b36338d645e1086ac') in 0.020869 seconds 
========================================================================
Received Import Request.
  Time since last request: 0.403649 seconds.
  path: Assets/Res/Effect/Mesh/jiasu.FBX
  artifactKey: Guid(4595b1dacb7d5704ab596da4ce0523ec) Importer(815301076,1909f56bfc062723c751e8b465ee728b)
Start importing Assets/Res/Effect/Mesh/jiasu.FBX using Guid(4595b1dacb7d5704ab596da4ce0523ec) Importer(815301076,1909f56bfc062723c751e8b465ee728b)  -> (artifact id: '6cd8f42fff75554699de3de43530b3c1') in 0.018809 seconds 
========================================================================
Received Import Request.
  Time since last request: 8.903334 seconds.
  path: Assets/Res/Prefabs
  artifactKey: Guid(93fab186616b6364c8aca55bd398eed0) Importer(815301076,1909f56bfc062723c751e8b465ee728b)
Start importing Assets/Res/Prefabs using Guid(93fab186616b6364c8aca55bd398eed0) Importer(815301076,1909f56bfc062723c751e8b465ee728b)  -> (artifact id: '221783c51dd5149cf54152ef71e11825') in 0.003740 seconds 
========================================================================
Received Import Request.
  Time since last request: 1.706576 seconds.
  path: Assets/Res/Prefabs/TuZi
  artifactKey: Guid(7895a5458f16ae04e82f542f0c80b810) Importer(815301076,1909f56bfc062723c751e8b465ee728b)
Start importing Assets/Res/Prefabs/TuZi using Guid(7895a5458f16ae04e82f542f0c80b810) Importer(815301076,1909f56bfc062723c751e8b465ee728b)  -> (artifact id: '6ed9ba0778e76103a7a98b22d3c81d6a') in 0.002757 seconds 
========================================================================
Received Import Request.
  Time since last request: 0.411750 seconds.
  path: Assets/Res/Prefabs/SpawnObj
  artifactKey: Guid(26ddb4e04dc08004ab85b579729f599c) Importer(815301076,1909f56bfc062723c751e8b465ee728b)
Start importing Assets/Res/Prefabs/SpawnObj using Guid(26ddb4e04dc08004ab85b579729f599c) Importer(815301076,1909f56bfc062723c751e8b465ee728b)  -> (artifact id: 'c4797c952be7c77c7e1f6012797eec47') in 0.003318 seconds 
========================================================================
Received Import Request.
  Time since last request: 2.320633 seconds.
  path: Assets/Res/Prefabs/SpawnObj/SpawnObj.prefab
  artifactKey: Guid(db90f53cce092e74db0c391f47928011) Importer(815301076,1909f56bfc062723c751e8b465ee728b)
Start importing Assets/Res/Prefabs/SpawnObj/SpawnObj.prefab using Guid(db90f53cce092e74db0c391f47928011) Importer(815301076,1909f56bfc062723c751e8b465ee728b)  -> (artifact id: '7258ea8bbeed11063dc1e9c9e3facdad') in 0.006011 seconds 
========================================================================
Received Import Request.
  Time since last request: 5.961640 seconds.
  path: Assets/Res/Prefabs/ShootGoal/FX_ShootTime.prefab
  artifactKey: Guid(763fd4c7aeb31104199e1b794ea471e2) Importer(815301076,1909f56bfc062723c751e8b465ee728b)
Start importing Assets/Res/Prefabs/ShootGoal/FX_ShootTime.prefab using Guid(763fd4c7aeb31104199e1b794ea471e2) Importer(815301076,1909f56bfc062723c751e8b465ee728b)  -> (artifact id: '236846c49bf2b89160337ac9d5e103c9') in 0.007506 seconds 
========================================================================
Received Import Request.
  Time since last request: 1.405110 seconds.
  path: Assets/Res/Prefabs/Patterns
  artifactKey: Guid(4acf8c91099d3364ab3e404ff8434f29) Importer(815301076,1909f56bfc062723c751e8b465ee728b)
Start importing Assets/Res/Prefabs/Patterns using Guid(4acf8c91099d3364ab3e404ff8434f29) Importer(815301076,1909f56bfc062723c751e8b465ee728b)  -> (artifact id: '5b83c68871c2d107aadf0bc46bd8d93f') in 0.003125 seconds 
========================================================================
Received Import Request.
  Time since last request: 1.362806 seconds.
  path: Assets/Res/Prefabs/Patterns/Pattern_2.prefab
  artifactKey: Guid(6da5849d8884d9d4abde7d979c733df2) Importer(815301076,1909f56bfc062723c751e8b465ee728b)
Start importing Assets/Res/Prefabs/Patterns/Pattern_2.prefab using Guid(6da5849d8884d9d4abde7d979c733df2) Importer(815301076,1909f56bfc062723c751e8b465ee728b)  -> (artifact id: 'acb214ad903c45e77bd44c22a0fcf362') in 0.125675 seconds 
========================================================================
Received Import Request.
  Time since last request: 0.464199 seconds.
  path: Assets/Res/Prefabs/Patterns/Pattern_1.prefab
  artifactKey: Guid(d3cb7537d90215c4a823baa0e92d9757) Importer(815301076,1909f56bfc062723c751e8b465ee728b)
Start importing Assets/Res/Prefabs/Patterns/Pattern_1.prefab using Guid(d3cb7537d90215c4a823baa0e92d9757) Importer(815301076,1909f56bfc062723c751e8b465ee728b)  -> (artifact id: '8c7969cceb3aa74a64215315ec2e17a9') in 0.134333 seconds 
========================================================================
Received Import Request.
  Time since last request: 0.478205 seconds.
  path: Assets/Res/Prefabs/Patterns/Pattern_3.prefab
  artifactKey: Guid(7c1bba81d9853ef479cbdf05e9873606) Importer(815301076,1909f56bfc062723c751e8b465ee728b)
Start importing Assets/Res/Prefabs/Patterns/Pattern_3.prefab using Guid(7c1bba81d9853ef479cbdf05e9873606) Importer(815301076,1909f56bfc062723c751e8b465ee728b)  -> (artifact id: '7dc74af4aea10f2f5d46cdb24cf4d1fd') in 0.097799 seconds 
========================================================================
Received Import Request.
  Time since last request: 0.319578 seconds.
  path: Assets/Res/Prefabs/Road
  artifactKey: Guid(c5146df956a2d4b479fd9e2a7e964cd8) Importer(815301076,1909f56bfc062723c751e8b465ee728b)
Start importing Assets/Res/Prefabs/Road using Guid(c5146df956a2d4b479fd9e2a7e964cd8) Importer(815301076,1909f56bfc062723c751e8b465ee728b)  -> (artifact id: 'f6bf69a644dd4ba0725e27d8c06193e2') in 0.004290 seconds 
========================================================================
Received Import Request.
  Time since last request: 2.389979 seconds.
  path: Assets/Res/Prefabs/Patterns/Pattern_4.prefab
  artifactKey: Guid(a15135f7bc6bf7f47a070843709fae6b) Importer(815301076,1909f56bfc062723c751e8b465ee728b)
Start importing Assets/Res/Prefabs/Patterns/Pattern_4.prefab using Guid(a15135f7bc6bf7f47a070843709fae6b) Importer(815301076,1909f56bfc062723c751e8b465ee728b)  -> (artifact id: '0c637714e9def8816375839ec4112004') in 0.098018 seconds 
========================================================================
Received Import Request.
  Time since last request: 24.665929 seconds.
  path: Assets/Res/Prefabs/Road/Floor.prefab
  artifactKey: Guid(7e4439724c73e6847ab2176eef98ec1f) Importer(815301076,1909f56bfc062723c751e8b465ee728b)
Start importing Assets/Res/Prefabs/Road/Floor.prefab using Guid(7e4439724c73e6847ab2176eef98ec1f) Importer(815301076,1909f56bfc062723c751e8b465ee728b)  -> (artifact id: '0209c59634a6637a7bcb4caebb049d76') in 0.022341 seconds 
========================================================================
Received Prepare
Registering precompiled user dll's ...
Registered in 0.016107 seconds.
Begin MonoManager ReloadAssembly
Symbol file LoadedFromMemory doesn't match image D:\Download\跑酷游戏\Library\PackageCache\com.unity.visualscripting@1.7.8\Editor\VisualScripting.Core\Dependencies\YamlDotNet\Unity.VisualScripting.YamlDotNet.dll
Symbol file LoadedFromMemory doesn't match image D:\Download\跑酷游戏\Library\PackageCache\com.unity.visualscripting@1.7.8\Editor\VisualScripting.Core\Dependencies\DotNetZip\Unity.VisualScripting.IonicZip.dll
Native extension for WindowsStandalone target not found
Native extension for Android target not found
Refreshing native plugins compatible for Editor in 0.83 ms, found 3 plugins.
Preloading 0 native plugins for Editor in 0.00 ms.
Mono: successfully reloaded assembly
- Completed reload, in  1.833 seconds
Domain Reload Profiling:
	ReloadAssembly (1834ms)
		BeginReloadAssembly (274ms)
			ExecutionOrderSort (0ms)
			DisableScriptedObjects (7ms)
			BackupInstance (0ms)
			ReleaseScriptingObjects (0ms)
			CreateAndSetChildDomain (63ms)
		EndReloadAssembly (1345ms)
			LoadAssemblies (208ms)
			RebuildTransferFunctionScriptingTraits (0ms)
			SetupTypeCache (386ms)
			ReleaseScriptCaches (2ms)
			RebuildScriptCaches (59ms)
			SetupLoadedEditorAssemblies (655ms)
				LogAssemblyErrors (0ms)
				InitializePlatformSupportModulesInManaged (42ms)
				SetLoadedEditorAssemblies (1ms)
				RefreshPlugins (1ms)
				BeforeProcessingInitializeOnLoad (103ms)
				ProcessInitializeOnLoadAttributes (430ms)
				ProcessInitializeOnLoadMethodAttributes (33ms)
				AfterProcessingInitializeOnLoad (45ms)
				EditorAssembliesLoaded (0ms)
			ExecutionOrderSort2 (0ms)
			AwakeInstancesAfterBackupRestoration (12ms)
Platform modules already initialized, skipping
Refreshing native plugins compatible for Editor in 3.55 ms, found 3 plugins.
Preloading 0 native plugins for Editor in 0.00 ms.
Unloading 3373 Unused Serialized files (Serialized files now loaded: 0)
Unloading 21 unused Assets / (283.0 KB). Loaded Objects now: 3889.
Memory consumption went from 139.3 MB to 139.0 MB.
Total: 3.679800 ms (FindLiveObjects: 0.293400 ms CreateObjectMapping: 0.094300 ms MarkObjects: 3.071600 ms  DeleteObjects: 0.217900 ms)

AssetImportParameters requested are different than current active one (requested -> active):
  custom:video-decoder-ogg-theora: a1e56fd34408186e4bbccfd4996cb3dc -> 
  custom:container-muxer-webm: aa71ff27fc2769a1b78a27578f13a17b -> 
  custom:container-demuxer-webm: 4f35f7cbe854078d1ac9338744f61a02 -> 
  custom:video-encoder-webm-vp8: eb34c28f22e8b96e1ab97ce403110664 -> 
  custom:video-codec-MediaFoundation-h265: 746d11721c4dcdbdad8f713fa42b33f4 -> 
  custom:audio-encoder-webm-vorbis: bf7c407c2cedff20999df2af8eb42d56 -> 
  custom:framework-win-MediaFoundation: 216162199b28c13a410421893ffa2e32 -> 
  custom:container-demuxer-ogg: 62fdf1f143b41e24485cea50d1cbac27 -> 
  custom:video-decoder-webm-vp8: 9c59270c3fd7afecdb556c50c9e8de78 -> 
  custom:audio-decoder-ogg-vorbis: bf7c407c2cedff20999df2af8eb42d56 -> 
========================================================================
Received Import Request.
  Time since last request: 13.772786 seconds.
  path: Assets/Res/UITexture
  artifactKey: Guid(9d66316eeb1a04a45ba9b4790badfbea) Importer(815301076,1909f56bfc062723c751e8b465ee728b)
Start importing Assets/Res/UITexture using Guid(9d66316eeb1a04a45ba9b4790badfbea) Importer(815301076,1909f56bfc062723c751e8b465ee728b)  -> (artifact id: 'b039467d47f03774395d36e442a2c0b8') in 0.011227 seconds 
========================================================================
Received Import Request.
  Time since last request: 39.231441 seconds.
  path: Assets/Toon_Running_Environment
  artifactKey: Guid(8570b261523f73d4d957a96388bbb839) Importer(815301076,1909f56bfc062723c751e8b465ee728b)
Start importing Assets/Toon_Running_Environment using Guid(8570b261523f73d4d957a96388bbb839) Importer(815301076,1909f56bfc062723c751e8b465ee728b)  -> (artifact id: 'dded454ba139ae494e4d6dc7de327398') in 0.003025 seconds 
========================================================================
Received Import Request.
  Time since last request: 19.255246 seconds.
  path: Assets/Toon_Running_Environment/Meshes/Buildings/Building_Block_A1.fbx
  artifactKey: Guid(9659a54ada784774d97c4d3af89369f6) Importer(815301076,1909f56bfc062723c751e8b465ee728b)
Start importing Assets/Toon_Running_Environment/Meshes/Buildings/Building_Block_A1.fbx using Guid(9659a54ada784774d97c4d3af89369f6) Importer(815301076,1909f56bfc062723c751e8b465ee728b)  -> (artifact id: '1514c90859df01b8853076fb4984a1b1') in 0.143756 seconds 
========================================================================
Received Import Request.
  Time since last request: 0.513173 seconds.
  path: Assets/Toon_Running_Environment/Meshes/Buildings/Building_Block_B2.fbx
  artifactKey: Guid(82c9d68a743e5e84086ffbd85e221a96) Importer(815301076,1909f56bfc062723c751e8b465ee728b)
Start importing Assets/Toon_Running_Environment/Meshes/Buildings/Building_Block_B2.fbx using Guid(82c9d68a743e5e84086ffbd85e221a96) Importer(815301076,1909f56bfc062723c751e8b465ee728b)  -> (artifact id: '064ca974f2c287c6f7902c3219e70c94') in 0.087850 seconds 
========================================================================
Received Import Request.
  Time since last request: 0.439820 seconds.
  path: Assets/Toon_Running_Environment/Meshes/Buildings/Building_Block_G3.fbx
  artifactKey: Guid(867b355bbee19ce4b938e969d4e01468) Importer(815301076,1909f56bfc062723c751e8b465ee728b)
Start importing Assets/Toon_Running_Environment/Meshes/Buildings/Building_Block_G3.fbx using Guid(867b355bbee19ce4b938e969d4e01468) Importer(815301076,1909f56bfc062723c751e8b465ee728b)  -> (artifact id: '905cf077694460d52b903e6d84f2c09b') in 0.082129 seconds 
========================================================================
Received Import Request.
  Time since last request: 37.336837 seconds.
  path: Assets/Res/Prefabs/Character/Player.prefab
  artifactKey: Guid(e99620d6176ad4d8d955c9fea5b84170) Importer(815301076,1909f56bfc062723c751e8b465ee728b)
Start importing Assets/Res/Prefabs/Character/Player.prefab using Guid(e99620d6176ad4d8d955c9fea5b84170) Importer(815301076,1909f56bfc062723c751e8b465ee728b)  -> (artifact id: '94b6d42aa941182e3d24261fe8078027') in 0.069658 seconds 
========================================================================
Received Import Request.
  Time since last request: 26.415328 seconds.
  path: Assets/Toon_Running_Environment/Scenes/Toon_Running_Enviroment_Scene.unity
  artifactKey: Guid(3b346eba4cd83a847983d4c54196404d) Importer(815301076,1909f56bfc062723c751e8b465ee728b)
Start importing Assets/Toon_Running_Environment/Scenes/Toon_Running_Enviroment_Scene.unity using Guid(3b346eba4cd83a847983d4c54196404d) Importer(815301076,1909f56bfc062723c751e8b465ee728b)  -> (artifact id: 'bfc55c161d67396e5de04056c4f1932e') in 0.004199 seconds 
========================================================================
Received Import Request.
  Time since last request: 5.210540 seconds.
  path: Assets/Toon_Running_Environment/Scenes
  artifactKey: Guid(f3ba5f32bdbd4b349a3af255fc6f4262) Importer(815301076,1909f56bfc062723c751e8b465ee728b)
Start importing Assets/Toon_Running_Environment/Scenes using Guid(f3ba5f32bdbd4b349a3af255fc6f4262) Importer(815301076,1909f56bfc062723c751e8b465ee728b)  -> (artifact id: '503f29125a26d8e0150389e4906c1296') in 0.002848 seconds 
========================================================================
Received Import Request.
  Time since last request: 1.476737 seconds.
  path: Assets/Toon_Running_Environment/Scenes/Objects_Scene.unity
  artifactKey: Guid(f195e9902158daf49a2ac8484177f6b6) Importer(815301076,1909f56bfc062723c751e8b465ee728b)
Start importing Assets/Toon_Running_Environment/Scenes/Objects_Scene.unity using Guid(f195e9902158daf49a2ac8484177f6b6) Importer(815301076,1909f56bfc062723c751e8b465ee728b)  -> (artifact id: 'bcc3d6feda123ccc5c606760985ba943') in 0.003812 seconds 
========================================================================
Received Prepare
Registering precompiled user dll's ...
Registered in 0.018838 seconds.
Begin MonoManager ReloadAssembly
Symbol file LoadedFromMemory doesn't match image D:\Download\跑酷游戏\Library\PackageCache\com.unity.visualscripting@1.7.8\Editor\VisualScripting.Core\Dependencies\YamlDotNet\Unity.VisualScripting.YamlDotNet.dll
Symbol file LoadedFromMemory doesn't match image D:\Download\跑酷游戏\Library\PackageCache\com.unity.visualscripting@1.7.8\Editor\VisualScripting.Core\Dependencies\DotNetZip\Unity.VisualScripting.IonicZip.dll
Native extension for WindowsStandalone target not found
Native extension for Android target not found
Refreshing native plugins compatible for Editor in 0.98 ms, found 3 plugins.
Preloading 0 native plugins for Editor in 0.00 ms.
Mono: successfully reloaded assembly
- Completed reload, in  3.212 seconds
Domain Reload Profiling:
	ReloadAssembly (3213ms)
		BeginReloadAssembly (332ms)
			ExecutionOrderSort (0ms)
			DisableScriptedObjects (9ms)
			BackupInstance (0ms)
			ReleaseScriptingObjects (0ms)
			CreateAndSetChildDomain (75ms)
		EndReloadAssembly (2571ms)
			LoadAssemblies (257ms)
			RebuildTransferFunctionScriptingTraits (0ms)
			SetupTypeCache (636ms)
			ReleaseScriptCaches (2ms)
			RebuildScriptCaches (328ms)
			SetupLoadedEditorAssemblies (1238ms)
				LogAssemblyErrors (0ms)
				InitializePlatformSupportModulesInManaged (53ms)
				SetLoadedEditorAssemblies (1ms)
				RefreshPlugins (1ms)
				BeforeProcessingInitializeOnLoad (173ms)
				ProcessInitializeOnLoadAttributes (940ms)
				ProcessInitializeOnLoadMethodAttributes (27ms)
				AfterProcessingInitializeOnLoad (43ms)
				EditorAssembliesLoaded (0ms)
			ExecutionOrderSort2 (0ms)
			AwakeInstancesAfterBackupRestoration (12ms)
Platform modules already initialized, skipping
Refreshing native plugins compatible for Editor in 3.58 ms, found 3 plugins.
Preloading 0 native plugins for Editor in 0.00 ms.
Unloading 3372 Unused Serialized files (Serialized files now loaded: 0)
Unloading 21 unused Assets / (283.1 KB). Loaded Objects now: 3892.
Memory consumption went from 139.3 MB to 139.0 MB.
Total: 3.668700 ms (FindLiveObjects: 0.287300 ms CreateObjectMapping: 0.084800 ms MarkObjects: 3.091500 ms  DeleteObjects: 0.203600 ms)

AssetImportParameters requested are different than current active one (requested -> active):
  custom:video-decoder-ogg-theora: a1e56fd34408186e4bbccfd4996cb3dc -> 
  custom:container-muxer-webm: aa71ff27fc2769a1b78a27578f13a17b -> 
  custom:container-demuxer-webm: 4f35f7cbe854078d1ac9338744f61a02 -> 
  custom:video-encoder-webm-vp8: eb34c28f22e8b96e1ab97ce403110664 -> 
  custom:video-codec-MediaFoundation-h265: 746d11721c4dcdbdad8f713fa42b33f4 -> 
  custom:audio-encoder-webm-vorbis: bf7c407c2cedff20999df2af8eb42d56 -> 
  custom:framework-win-MediaFoundation: 216162199b28c13a410421893ffa2e32 -> 
  custom:container-demuxer-ogg: 62fdf1f143b41e24485cea50d1cbac27 -> 
  custom:video-decoder-webm-vp8: 9c59270c3fd7afecdb556c50c9e8de78 -> 
  custom:audio-decoder-ogg-vorbis: bf7c407c2cedff20999df2af8eb42d56 -> 
